27-Oct-2022 21:38:23.206 INFO [main] org.apache.catalina.startup.VersionLoggerListener.log Server version name:   Apache Tomcat/8.5.50
27-Oct-2022 21:38:23.229 INFO [main] org.apache.catalina.startup.VersionLoggerListener.log Server built:          Dec 7 2019 19:19:46 UTC
27-Oct-2022 21:38:23.231 INFO [main] org.apache.catalina.startup.VersionLoggerListener.log Server version number: 8.5.50.0
27-Oct-2022 21:38:23.232 INFO [main] org.apache.catalina.startup.VersionLoggerListener.log OS Name:               Windows 11
27-Oct-2022 21:38:23.232 INFO [main] org.apache.catalina.startup.VersionLoggerListener.log OS Version:            10.0
27-Oct-2022 21:38:23.232 INFO [main] org.apache.catalina.startup.VersionLoggerListener.log Architecture:          amd64
27-Oct-2022 21:38:23.232 INFO [main] org.apache.catalina.startup.VersionLoggerListener.log Java Home:             C:\Program Files\Java\jdk1.8.0_333\jre
27-Oct-2022 21:38:23.232 INFO [main] org.apache.catalina.startup.VersionLoggerListener.log JVM Version:           1.8.0_333-b02
27-Oct-2022 21:38:23.232 INFO [main] org.apache.catalina.startup.VersionLoggerListener.log JVM Vendor:            Oracle Corporation
27-Oct-2022 21:38:23.233 INFO [main] org.apache.catalina.startup.VersionLoggerListener.log CATALINA_BASE:         C:\Users\bruno\dev\devops\apache-tomcat-8.5.50
27-Oct-2022 21:38:23.233 INFO [main] org.apache.catalina.startup.VersionLoggerListener.log CATALINA_HOME:         C:\Users\bruno\dev\devops\apache-tomcat-8.5.50
27-Oct-2022 21:38:23.233 INFO [main] org.apache.catalina.startup.VersionLoggerListener.log Command line argument: -Djava.util.logging.config.file=C:\Users\bruno\dev\devops\apache-tomcat-8.5.50\conf\logging.properties
27-Oct-2022 21:38:23.234 INFO [main] org.apache.catalina.startup.VersionLoggerListener.log Command line argument: -Djava.util.logging.manager=org.apache.juli.ClassLoaderLogManager
27-Oct-2022 21:38:23.234 INFO [main] org.apache.catalina.startup.VersionLoggerListener.log Command line argument: -Djdk.tls.ephemeralDHKeySize=2048
27-Oct-2022 21:38:23.234 INFO [main] org.apache.catalina.startup.VersionLoggerListener.log Command line argument: -Djava.protocol.handler.pkgs=org.apache.catalina.webresources
27-Oct-2022 21:38:23.234 INFO [main] org.apache.catalina.startup.VersionLoggerListener.log Command line argument: -Dignore.endorsed.dirs=
27-Oct-2022 21:38:23.235 INFO [main] org.apache.catalina.startup.VersionLoggerListener.log Command line argument: -Dcatalina.base=C:\Users\bruno\dev\devops\apache-tomcat-8.5.50
27-Oct-2022 21:38:23.236 INFO [main] org.apache.catalina.startup.VersionLoggerListener.log Command line argument: -Dcatalina.home=C:\Users\bruno\dev\devops\apache-tomcat-8.5.50
27-Oct-2022 21:38:23.242 INFO [main] org.apache.catalina.startup.VersionLoggerListener.log Command line argument: -Djava.io.tmpdir=C:\Users\bruno\dev\devops\apache-tomcat-8.5.50\temp
27-Oct-2022 21:38:23.246 INFO [main] org.apache.catalina.core.AprLifecycleListener.lifecycleEvent The APR based Apache Tomcat Native library which allows optimal performance in production environments was not found on the java.library.path: [C:\Program Files\Java\jdk1.8.0_333\bin;C:\WINDOWS\Sun\Java\bin;C:\WINDOWS\system32;C:\WINDOWS;%JAVA_HOME%\bin;C:\Program Files (x86)\Common Files\Oracle\Java\javapath;C:\WINDOWS\system32;C:\WINDOWS;C:\WINDOWS\System32\Wbem;C:\WINDOWS\System32\WindowsPowerShell\v1.0\;C:\WINDOWS\System32\OpenSSH\;C:\Program Files\nodejs\;C:\Program Files\Git\cmd;C:\Program Files\Docker\Docker\resources\bin;C:\ProgramData\DockerDesktop\version-bin;C:\Users\bruno\java\apache-maven-3.8.6\bin;C:\Users\bruno\AppData\Local\Programs\Python\Python310\Scripts\;C:\Users\bruno\AppData\Local\Programs\Python\Python310\;C:\Users\bruno\AppData\Local\Microsoft\WindowsApps;C:\Users\bruno\AppData\Roaming\npm;C:\Users\bruno\AppData\Local\Programs\Microsoft VS Code\bin;.]
27-Oct-2022 21:38:23.598 INFO [main] org.apache.coyote.AbstractProtocol.init Initializing ProtocolHandler ["http-nio-8001"]
27-Oct-2022 21:38:24.331 INFO [main] org.apache.tomcat.util.net.NioSelectorPool.getSharedSelector Using a shared selector for servlet write/read
27-Oct-2022 21:38:24.359 INFO [main] org.apache.coyote.AbstractProtocol.init Initializing ProtocolHandler ["ajp-nio-8009"]
27-Oct-2022 21:38:24.364 INFO [main] org.apache.tomcat.util.net.NioSelectorPool.getSharedSelector Using a shared selector for servlet write/read
27-Oct-2022 21:38:24.365 INFO [main] org.apache.catalina.startup.Catalina.load Initialization processed in 1737 ms
27-Oct-2022 21:38:24.522 INFO [main] org.apache.catalina.core.StandardService.startInternal Starting service [Catalina]
27-Oct-2022 21:38:24.523 INFO [main] org.apache.catalina.core.StandardEngine.startInternal Starting Servlet Engine: Apache Tomcat/8.5.50
27-Oct-2022 21:38:24.542 INFO [localhost-startStop-1] org.apache.catalina.startup.HostConfig.deployDirectory Deploying web application directory [C:\Users\bruno\dev\devops\apache-tomcat-8.5.50\webapps\docs]
27-Oct-2022 21:38:24.868 INFO [localhost-startStop-1] org.apache.catalina.startup.HostConfig.deployDirectory Deployment of web application directory [C:\Users\bruno\dev\devops\apache-tomcat-8.5.50\webapps\docs] has finished in [325] ms
27-Oct-2022 21:38:24.869 INFO [localhost-startStop-1] org.apache.catalina.startup.HostConfig.deployDirectory Deploying web application directory [C:\Users\bruno\dev\devops\apache-tomcat-8.5.50\webapps\examples]
27-Oct-2022 21:38:25.336 INFO [localhost-startStop-1] org.apache.catalina.startup.HostConfig.deployDirectory Deployment of web application directory [C:\Users\bruno\dev\devops\apache-tomcat-8.5.50\webapps\examples] has finished in [468] ms
27-Oct-2022 21:38:25.336 INFO [localhost-startStop-1] org.apache.catalina.startup.HostConfig.deployDirectory Deploying web application directory [C:\Users\bruno\dev\devops\apache-tomcat-8.5.50\webapps\host-manager]
27-Oct-2022 21:38:25.381 INFO [localhost-startStop-1] org.apache.catalina.startup.HostConfig.deployDirectory Deployment of web application directory [C:\Users\bruno\dev\devops\apache-tomcat-8.5.50\webapps\host-manager] has finished in [45] ms
27-Oct-2022 21:38:25.382 INFO [localhost-startStop-1] org.apache.catalina.startup.HostConfig.deployDirectory Deploying web application directory [C:\Users\bruno\dev\devops\apache-tomcat-8.5.50\webapps\manager]
27-Oct-2022 21:38:25.425 INFO [localhost-startStop-1] org.apache.catalina.startup.HostConfig.deployDirectory Deployment of web application directory [C:\Users\bruno\dev\devops\apache-tomcat-8.5.50\webapps\manager] has finished in [43] ms
27-Oct-2022 21:38:25.426 INFO [localhost-startStop-1] org.apache.catalina.startup.HostConfig.deployDirectory Deploying web application directory [C:\Users\bruno\dev\devops\apache-tomcat-8.5.50\webapps\ROOT]
27-Oct-2022 21:38:25.466 INFO [localhost-startStop-1] org.apache.catalina.startup.HostConfig.deployDirectory Deployment of web application directory [C:\Users\bruno\dev\devops\apache-tomcat-8.5.50\webapps\ROOT] has finished in [40] ms
27-Oct-2022 21:38:25.470 INFO [main] org.apache.coyote.AbstractProtocol.start Starting ProtocolHandler ["http-nio-8001"]
27-Oct-2022 21:38:25.486 INFO [main] org.apache.coyote.AbstractProtocol.start Starting ProtocolHandler ["ajp-nio-8009"]
27-Oct-2022 21:38:25.492 INFO [main] org.apache.catalina.startup.Catalina.start Server startup in 1127 ms
27-Oct-2022 21:47:25.700 INFO [ContainerBackgroundProcessor[StandardEngine[Catalina]]] org.apache.catalina.users.MemoryUserDatabase.backgroundProcess Reloading memory user database [UserDatabase] from updated source [file:/C:/Users/bruno/dev/devops/apache-tomcat-8.5.50/conf/tomcat-users.xml]
27-Oct-2022 22:35:21.253 INFO [Thread-5] org.apache.coyote.AbstractProtocol.pause Pausing ProtocolHandler ["http-nio-8001"]
27-Oct-2022 22:35:21.615 INFO [Thread-5] org.apache.coyote.AbstractProtocol.pause Pausing ProtocolHandler ["ajp-nio-8009"]
27-Oct-2022 22:35:21.936 INFO [Thread-5] org.apache.catalina.core.StandardService.stopInternal Stopping service [Catalina]
27-Oct-2022 22:35:22.046 INFO [Thread-5] org.apache.coyote.AbstractProtocol.stop Stopping ProtocolHandler ["http-nio-8001"]
27-Oct-2022 22:35:22.055 INFO [Thread-5] org.apache.coyote.AbstractProtocol.stop Stopping ProtocolHandler ["ajp-nio-8009"]
27-Oct-2022 22:35:22.112 INFO [Thread-5] org.apache.coyote.AbstractProtocol.destroy Destroying ProtocolHandler ["http-nio-8001"]
27-Oct-2022 22:35:22.115 INFO [Thread-5] org.apache.coyote.AbstractProtocol.destroy Destroying ProtocolHandler ["ajp-nio-8009"]
